<?xml version="1.0" encoding="UTF-8"?>
<!-- Generated by org.testng.reporters.JUnitXMLReporter -->
<testsuite ignored="2" hostname="SmitaMahajan" failures="0" tests="6" name="TestRunner-Chrome" time="155.686" errors="0" timestamp="2024-12-18T12:52:01 IST">
  <testcase classname="com.comcast.crm.contacttestwithtestng.CreateContactTest" name="CreateContactTest" time="12.28"/>
  <testcase classname="com.comcast.crm.contacttestwithtestng.CreateContactTest" name="createContactWithOrgTest" time="31.356"/>
  <testcase classname="com.comcast.crm.contacttestwithtestng.CreateContactTest" name="createContactWithSupportDateTest" time="21.583"/>
  <testcase classname="com.comcast.crm.orgtestwithtestng.CreateOrgTest" name="createOrgTest" time="13.331"/>
  <testcase classname="com.comcast.crm.orgtestwithtestng.CreateOrgTest" name="createOrgWithIndustry" time="15.073"/>
  <testcase classname="com.comcast.crm.orgtestwithtestng.CreateOrgTest" name="createOrgWithPhoneNumber" time="15.86"/>
  <testcase classname="com.comcast.crm.basetest.BaseClass" name="@AfterSuite configAS" time="0.0">
    <ignored/>
  </testcase> <!-- @AfterSuite configAS -->
  <testcase classname="com.comcast.crm.basetest.BaseClass" name="@BeforeSuite configBS" time="0.0">
    <ignored/>
  </testcase> <!-- @BeforeSuite configBS -->
</testsuite> <!-- TestRunner-Chrome -->
