<?xml version="1.0" encoding="UTF-8"?>
<!-- Generated by org.testng.reporters.JUnitXMLReporter -->
<testsuite ignored="2" hostname="SmitaMahajan" failures="0" tests="6" name="TestRunner-Firefox" time="183.033" errors="0" timestamp="2024-12-18T12:52:29 IST">
  <testcase classname="com.comcast.crm.contacttestwithtestng.CreateContactTest" name="CreateContactTest" time="14.008"/>
  <testcase classname="com.comcast.crm.contacttestwithtestng.CreateContactTest" name="createContactWithOrgTest" time="30.589"/>
  <testcase classname="com.comcast.crm.contacttestwithtestng.CreateContactTest" name="createContactWithSupportDateTest" time="20.963"/>
  <testcase classname="com.comcast.crm.orgtestwithtestng.CreateOrgTest" name="createOrgTest" time="14.839"/>
  <testcase classname="com.comcast.crm.orgtestwithtestng.CreateOrgTest" name="createOrgWithIndustry" time="15.74"/>
  <testcase classname="com.comcast.crm.orgtestwithtestng.CreateOrgTest" name="createOrgWithPhoneNumber" time="13.859"/>
  <testcase classname="com.comcast.crm.basetest.BaseClass" name="@BeforeSuite configBS" time="0.0">
    <ignored/>
  </testcase> <!-- @BeforeSuite configBS -->
  <testcase classname="com.comcast.crm.basetest.BaseClass" name="@AfterSuite configAS" time="0.0">
    <ignored/>
  </testcase> <!-- @AfterSuite configAS -->
</testsuite> <!-- TestRunner-Firefox -->
