<?xml version="1.0" encoding="UTF-8"?>
<!-- Generated by org.testng.reporters.JUnitXMLReporter -->
<testsuite ignored="2" hostname="SmitaMahajan" failures="0" tests="6" name="Test" time="142.953" errors="0" timestamp="2024-12-27T16:54:39 IST">
  <testcase classname="com.comcast.crm.contacttestwithtestng.CreateContactTest" name="CreateContactTest" time="13.386"/>
  <testcase classname="com.comcast.crm.contacttestwithtestng.CreateContactTest" name="createContactWithOrgTest" time="24.621"/>
  <testcase classname="com.comcast.crm.contacttestwithtestng.CreateContactTest" name="createContactWithSupportDateTest" time="19.078"/>
  <testcase classname="com.comcast.crm.orgtestwithtestng.CreateOrgTest" name="createOrgTest" time="12.93"/>
  <testcase classname="com.comcast.crm.orgtestwithtestng.CreateOrgTest" name="createOrgWithIndustry" time="13.975"/>
  <testcase classname="com.comcast.crm.orgtestwithtestng.CreateOrgTest" name="createOrgWithPhoneNumber" time="13.187"/>
  <testcase classname="com.comcast.crm.basetest.BaseClass" name="@BeforeSuite configBS" time="0.0">
    <ignored/>
  </testcase> <!-- @BeforeSuite configBS -->
  <testcase classname="com.comcast.crm.basetest.BaseClass" name="@AfterSuite configAS" time="0.0">
    <ignored/>
  </testcase> <!-- @AfterSuite configAS -->
</testsuite> <!-- Test -->
