<?xml version="1.0" encoding="UTF-8"?>
<!-- Generated by org.testng.reporters.JUnitXMLReporter -->
<testsuite ignored="1" hostname="SmitaMahajan" failures="1" tests="1" name="Default test(failed)" time="11.838" errors="0" timestamp="2024-12-20T10:26:27 IST">
  <testcase classname="com.comcast.crm.practicetest.InvoiceTest" name="createInvoiceTest" time="0.021">
    <failure type="java.lang.AssertionError" message="expected [login] but found [Administrator - Home - vtiger CRM 5 - Commercial Open Source CRM]">
      <![CDATA[java.lang.AssertionError: expected [login] but found [Administrator - Home - vtiger CRM 5 - Commercial Open Source CRM]
at com.comcast.crm.practicetest.InvoiceTest.createInvoiceTest(InvoiceTest.java:16)
at java.base/java.util.ArrayList.forEach(ArrayList.java:1511)
... Removed 33 stack frames]]>
    </failure>
  </testcase> <!-- createInvoiceTest -->
  <testcase classname="com.comcast.crm.practicetest.InvoiceTest" name="createInvoiceWithContactTest" time="0.0">
    <ignored/>
  </testcase> <!-- createInvoiceWithContactTest -->
</testsuite> <!-- Default test(failed) -->
